2025-11-19 17:09:20,834 - INFO - INICIO DE REENTRENAMIENTO - Versión 20251119_170920
2025-11-19 17:09:20,834 - INFO - ============================================================

2025-11-19 17:09:20,851 - INFO -    Dataset antiguo: 9520 filas
2025-11-19 17:09:20,856 - INFO -    Dataset combinado: 9520 filas
2025-11-19 17:09:20,856 - INFO -    Nuevas filas agregadas: 0
2025-11-19 17:09:20,916 - INFO - Backup del modelo guardado: /home/siryorch/Documents/proyectoAprendizaje/BackendBD/files/model_versions/model_20251119_170920.h5
2025-11-19 17:09:20,916 - INFO - Backup del scaler guardado: /home/siryorch/Documents/proyectoAprendizaje/BackendBD/files/model_versions/scaler_20251119_170920.pkl
2025-11-19 17:09:20,920 - INFO - Train: 2024-07-01 → 2025-05-29 | 6660 filas
2025-11-19 17:09:20,920 - INFO - Val  : 2025-05-30 → 2025-08-08 | 1420 filas
2025-11-19 17:09:20,920 - INFO - Test : 2025-08-09 → 2025-10-19 | 1440 filas
2025-11-19 17:09:20,920 - INFO - Usando scaler existente
2025-11-19 17:09:20,957 - INFO -    X_train: (6520, 7, 9) | X_val: (1280, 7, 9) | X_test: (1300, 7, 9)
2025-11-19 17:09:20,957 - INFO - 
Paso 7: Evaluando modelo actual...
2025-11-19 17:09:21,299 - INFO -    RMSE antes: 0.2631
2025-11-19 17:09:21,299 - INFO -    MAE antes:  0.1650
2025-11-19 17:09:21,332 - INFO -    Early stopping activado (patience=5)
2025-11-19 17:09:24,211 - INFO -   MAE después:  0.1684
2025-11-19 17:09:24,211 - INFO -     Mejora RMSE: -0.46%
2025-11-19 17:09:24,211 - INFO -     Mejora MAE:  -2.08%
2025-11-19 17:09:24,212 - WARNING - You are saving your model as an HDF5 file via `model.save()` or `keras.saving.save_model(model)`. This file format is considered legacy. We recommend using instead the native Keras format, e.g. `model.save('my_model.keras')` or `keras.saving.save_model(model, 'my_model.keras')`. 
2025-11-19 17:09:27,562 - INFO -    Versión guardada: /home/siryorch/Documents/proyectoAprendizaje/BackendBD/files/model_versions/model_20251119_170920.h5
2025-11-19 17:09:27,562 - INFO -    Scaler versión: /home/siryorch/Documents/proyectoAprendizaje/BackendBD/files/model_versions/scaler_20251119_170920.pkl
2025-11-19 17:09:27,562 - INFO - REENTRENAMIENTO COMPLETADO
2025-11-19 17:09:27,562 - INFO - ============================================================

2025-11-19 17:10:24,077 - INFO - INICIO DE REENTRENAMIENTO - Versión 20251119_171024
2025-11-19 17:10:24,077 - INFO - ============================================================

2025-11-19 17:10:24,086 - INFO -    Dataset antiguo: 9520 filas
2025-11-19 17:10:24,090 - INFO -    Dataset combinado: 9520 filas
2025-11-19 17:10:24,090 - INFO -    Nuevas filas agregadas: 0
2025-11-19 17:10:24,127 - INFO - Backup del modelo guardado: /home/siryorch/Documents/proyectoAprendizaje/BackendBD/files/model_versions/model_20251119_171024.h5
2025-11-19 17:10:24,128 - INFO - Backup del scaler guardado: /home/siryorch/Documents/proyectoAprendizaje/BackendBD/files/model_versions/scaler_20251119_171024.pkl
2025-11-19 17:10:24,130 - INFO - Train: 2024-07-01 → 2025-05-29 | 6660 filas
2025-11-19 17:10:24,131 - INFO - Val  : 2025-05-30 → 2025-08-08 | 1420 filas
2025-11-19 17:10:24,131 - INFO - Test : 2025-08-09 → 2025-10-19 | 1440 filas
2025-11-19 17:10:24,131 - INFO - Usando scaler existente
2025-11-19 17:10:24,164 - INFO -    X_train: (6520, 7, 9) | X_val: (1280, 7, 9) | X_test: (1300, 7, 9)
2025-11-19 17:10:24,165 - INFO - 
Paso 7: Evaluando modelo actual...
2025-11-19 17:10:24,443 - INFO -    RMSE antes: 0.2631
2025-11-19 17:10:24,443 - INFO -    MAE antes:  0.1650
2025-11-19 17:10:24,447 - INFO -    Early stopping activado (patience=5)
2025-11-19 17:10:27,179 - INFO -   MAE después:  0.1677
2025-11-19 17:10:27,180 - INFO -     Mejora RMSE: -0.12%
2025-11-19 17:10:27,180 - INFO -     Mejora MAE:  -1.63%
2025-11-19 17:10:27,181 - WARNING - You are saving your model as an HDF5 file via `model.save()` or `keras.saving.save_model(model)`. This file format is considered legacy. We recommend using instead the native Keras format, e.g. `model.save('my_model.keras')` or `keras.saving.save_model(model, 'my_model.keras')`. 
2025-11-19 17:10:30,075 - INFO -    Versión guardada: /home/siryorch/Documents/proyectoAprendizaje/BackendBD/files/model_versions/model_20251119_171024.h5
2025-11-19 17:10:30,075 - INFO -    Scaler versión: /home/siryorch/Documents/proyectoAprendizaje/BackendBD/files/model_versions/scaler_20251119_171024.pkl
2025-11-19 17:10:30,075 - INFO - REENTRENAMIENTO COMPLETADO
2025-11-19 17:10:30,075 - INFO - ============================================================

2025-11-19 17:23:10,954 - INFO - INICIO DE REENTRENAMIENTO - Versión 20251119_172310
2025-11-19 17:23:10,954 - INFO - ============================================================

2025-11-19 17:23:10,965 - INFO -    Dataset antiguo: 9520 filas
2025-11-19 17:23:10,970 - INFO -    Dataset combinado: 9520 filas
2025-11-19 17:23:10,970 - INFO -    Nuevas filas agregadas: 0
2025-11-19 17:23:11,006 - INFO - Backup del modelo guardado: /home/siryorch/Documents/proyectoAprendizaje/BackendBD/files/model_versions/model_20251119_172310.h5
2025-11-19 17:23:11,006 - INFO - Backup del scaler guardado: /home/siryorch/Documents/proyectoAprendizaje/BackendBD/files/model_versions/scaler_20251119_172310.pkl
2025-11-19 17:23:11,009 - INFO - Train: 2024-07-01 → 2025-05-29 | 6660 filas
2025-11-19 17:23:11,009 - INFO - Val  : 2025-05-30 → 2025-08-08 | 1420 filas
2025-11-19 17:23:11,010 - INFO - Test : 2025-08-09 → 2025-10-19 | 1440 filas
2025-11-19 17:23:11,010 - INFO - Usando scaler existente
2025-11-19 17:23:11,041 - INFO -    X_train: (6520, 7, 9) | X_val: (1280, 7, 9) | X_test: (1300, 7, 9)
2025-11-19 17:23:11,042 - INFO - 
Paso 7: Evaluando modelo actual...
2025-11-19 17:23:11,333 - INFO -    RMSE antes: 0.2631
2025-11-19 17:23:11,333 - INFO -    MAE antes:  0.1650
2025-11-19 17:23:11,337 - INFO -    Early stopping activado (patience=5)
2025-11-19 17:23:14,393 - INFO -   MAE después:  0.1688
2025-11-19 17:23:14,394 - INFO -     Mejora RMSE: -0.70%
2025-11-19 17:23:14,394 - INFO -     Mejora MAE:  -2.29%
2025-11-19 17:23:14,395 - WARNING - You are saving your model as an HDF5 file via `model.save()` or `keras.saving.save_model(model)`. This file format is considered legacy. We recommend using instead the native Keras format, e.g. `model.save('my_model.keras')` or `keras.saving.save_model(model, 'my_model.keras')`. 
2025-11-19 17:23:17,308 - INFO -    Versión guardada: /home/siryorch/Documents/proyectoAprendizaje/BackendBD/files/model_versions/model_20251119_172310.h5
2025-11-19 17:23:17,308 - INFO -    Scaler versión: /home/siryorch/Documents/proyectoAprendizaje/BackendBD/files/model_versions/scaler_20251119_172310.pkl
2025-11-19 17:23:17,308 - INFO - REENTRENAMIENTO COMPLETADO
2025-11-19 17:23:17,308 - INFO - ============================================================

2025-11-19 17:23:52,499 - INFO - HTTP Request: POST http://127.0.0.1:11434/api/chat "HTTP/1.1 200 OK"
2025-11-19 17:28:38,879 - INFO - HTTP Request: POST http://127.0.0.1:11434/api/chat "HTTP/1.1 200 OK"
2025-11-19 23:51:44,888 - INFO - HTTP Request: POST http://127.0.0.1:11434/api/chat "HTTP/1.1 200 OK"
2025-11-19 23:52:43,530 - INFO - HTTP Request: POST http://127.0.0.1:11434/api/chat "HTTP/1.1 200 OK"
2025-11-19 23:54:29,707 - INFO - HTTP Request: POST http://127.0.0.1:11434/api/chat "HTTP/1.1 200 OK"
2025-11-19 23:57:25,693 - INFO - HTTP Request: POST http://127.0.0.1:11434/api/chat "HTTP/1.1 200 OK"
2025-11-19 23:59:30,651 - INFO - HTTP Request: POST http://127.0.0.1:11434/api/chat "HTTP/1.1 200 OK"
2025-11-20 00:04:19,014 - INFO - HTTP Request: POST http://127.0.0.1:11434/api/chat "HTTP/1.1 200 OK"
2025-11-20 00:06:59,264 - INFO - HTTP Request: POST http://127.0.0.1:11434/api/chat "HTTP/1.1 200 OK"
2025-11-20 00:28:22,164 - INFO - HTTP Request: POST http://127.0.0.1:11434/api/chat "HTTP/1.1 200 OK"
2025-11-20 00:40:55,415 - INFO - HTTP Request: POST http://127.0.0.1:11434/api/chat "HTTP/1.1 200 OK"
2025-11-20 14:35:50,539 - INFO - INICIO DE REENTRENAMIENTO - Versión 20251120_143550
2025-11-20 14:35:50,545 - INFO - ============================================================

2025-11-20 14:35:50,569 - INFO -    Dataset antiguo: 9520 filas
2025-11-20 14:35:50,575 - INFO -    Dataset combinado: 10720 filas
2025-11-20 14:35:50,575 - INFO -    Nuevas filas agregadas: 1200
2025-11-20 14:35:50,663 - INFO - Backup del modelo guardado: /home/siryorch/Documents/proyectoAprendizaje/BackendBD/files/model_versions/model_20251120_143550.h5
2025-11-20 14:35:50,663 - INFO - Backup del scaler guardado: /home/siryorch/Documents/proyectoAprendizaje/BackendBD/files/model_versions/scaler_20251120_143550.pkl
2025-11-20 14:35:50,668 - INFO - Train: 2024-07-01 → 2025-07-10 | 7500 filas
2025-11-20 14:35:50,668 - INFO - Val  : 2025-07-11 → 2025-09-28 | 1600 filas
2025-11-20 14:35:50,668 - INFO - Test : 2025-09-29 → 2025-12-18 | 1620 filas
2025-11-20 14:35:50,668 - INFO - Usando scaler existente
2025-11-20 14:35:50,714 - INFO -    X_train: (7360, 7, 9) | X_val: (1460, 7, 9) | X_test: (1480, 7, 9)
2025-11-20 14:35:50,714 - INFO - 
Paso 7: Evaluando modelo actual...
2025-11-20 14:35:51,155 - INFO -    RMSE antes: 0.3889
2025-11-20 14:35:51,155 - INFO -    MAE antes:  0.2139
2025-11-20 14:35:51,204 - INFO -    Early stopping activado (patience=5)
2025-11-20 14:35:55,490 - INFO -   MAE después:  0.2138
2025-11-20 14:35:55,490 - INFO -     Mejora RMSE: +0.59%
2025-11-20 14:35:55,490 - INFO -     Mejora MAE:  +0.05%
2025-11-20 14:35:55,491 - WARNING - You are saving your model as an HDF5 file via `model.save()` or `keras.saving.save_model(model)`. This file format is considered legacy. We recommend using instead the native Keras format, e.g. `model.save('my_model.keras')` or `keras.saving.save_model(model, 'my_model.keras')`. 
2025-11-20 14:35:59,472 - INFO -    Versión guardada: /home/siryorch/Documents/proyectoAprendizaje/BackendBD/files/model_versions/model_20251120_143550.h5
2025-11-20 14:35:59,472 - INFO -    Scaler versión: /home/siryorch/Documents/proyectoAprendizaje/BackendBD/files/model_versions/scaler_20251120_143550.pkl
2025-11-20 14:35:59,472 - INFO - REENTRENAMIENTO COMPLETADO
2025-11-20 14:35:59,472 - INFO - ============================================================

2025-11-20 14:38:57,703 - INFO - INICIO DE REENTRENAMIENTO - Versión 20251120_143857
2025-11-20 14:38:57,703 - INFO - ============================================================

2025-11-20 14:38:57,707 - ERROR - 
ERROR EN REENTRENAMIENTO: [Errno 2] No such file or directory: 'dataset_preparado.csv'
2025-11-20 14:38:57,708 - ERROR - Intentando restaurar backup...
2025-11-20 14:38:57,708 - ERROR - No se pudo restaurar el backup
2025-11-20 14:39:38,799 - INFO - INICIO DE REENTRENAMIENTO - Versión 20251120_143938
2025-11-20 14:39:38,799 - INFO - ============================================================

2025-11-20 14:39:38,861 - INFO -    Dataset antiguo: 10720 filas
2025-11-20 14:39:38,869 - INFO -    Dataset combinado: 11920 filas
2025-11-20 14:39:38,869 - INFO -    Nuevas filas agregadas: 1200
2025-11-20 14:39:38,942 - INFO - Backup del modelo guardado: /home/siryorch/Documents/proyectoAprendizaje/BackendBD/files/model_versions/model_20251120_143938.h5
2025-11-20 14:39:38,942 - INFO - Backup del scaler guardado: /home/siryorch/Documents/proyectoAprendizaje/BackendBD/files/model_versions/scaler_20251120_143938.pkl
2025-11-20 14:39:38,945 - ERROR - 
ERROR EN REENTRENAMIENTO: '<=' not supported between instances of 'Timestamp' and 'str'
2025-11-20 14:39:38,945 - ERROR - Intentando restaurar backup...
2025-11-20 14:39:38,946 - INFO -  Modelo y scaler restaurados desde backup
2025-11-20 14:39:38,946 - INFO - Backup restaurado correctamente
2025-11-20 14:42:30,590 - INFO - INICIO DE REENTRENAMIENTO - Versión 20251120_144230
2025-11-20 14:42:30,590 - INFO - ============================================================

2025-11-20 14:42:30,596 - ERROR - 
ERROR EN REENTRENAMIENTO: 'Series' object has no attribute 'strftime'
2025-11-20 14:42:30,596 - ERROR - Intentando restaurar backup...
2025-11-20 14:42:30,596 - ERROR - No se pudo restaurar el backup
2025-11-20 14:44:27,038 - INFO - INICIO DE REENTRENAMIENTO - Versión 20251120_144427
2025-11-20 14:44:27,038 - INFO - ============================================================

2025-11-20 14:44:27,044 - ERROR - 
ERROR EN REENTRENAMIENTO: 'Series' object has no attribute 'strftime'
2025-11-20 14:44:27,044 - ERROR - Intentando restaurar backup...
2025-11-20 14:44:27,044 - ERROR - No se pudo restaurar el backup
2025-11-20 14:45:22,826 - INFO - INICIO DE REENTRENAMIENTO - Versión 20251120_144522
2025-11-20 14:45:22,826 - INFO - ============================================================

2025-11-20 14:45:22,831 - ERROR - 
ERROR EN REENTRENAMIENTO: 'fecha'
2025-11-20 14:45:22,831 - ERROR - Intentando restaurar backup...
2025-11-20 14:45:22,831 - ERROR - No se pudo restaurar el backup
2025-11-20 14:45:45,696 - INFO - INICIO DE REENTRENAMIENTO - Versión 20251120_144545
2025-11-20 14:45:45,697 - INFO - ============================================================

2025-11-20 14:45:45,712 - ERROR - 
ERROR EN REENTRENAMIENTO: 'Series' object has no attribute 'strftime'
2025-11-20 14:45:45,712 - ERROR - Intentando restaurar backup...
2025-11-20 14:45:45,712 - ERROR - No se pudo restaurar el backup
2025-11-20 14:46:38,310 - INFO - INICIO DE REENTRENAMIENTO - Versión 20251120_144638
2025-11-20 14:46:38,310 - INFO - ============================================================

2025-11-20 14:47:43,163 - INFO - INICIO DE REENTRENAMIENTO - Versión 20251120_144743
2025-11-20 14:47:43,163 - INFO - ============================================================

2025-11-20 14:47:43,226 - INFO -    Dataset antiguo: 10720 filas
2025-11-20 14:47:43,249 - INFO -    Dataset combinado: 11920 filas
2025-11-20 14:47:43,250 - INFO -    Nuevas filas agregadas: 1200
2025-11-20 14:47:43,320 - INFO - Backup del modelo guardado: /home/siryorch/Documents/proyectoAprendizaje/BackendBD/files/model_versions/model_20251120_144743.h5
2025-11-20 14:47:43,320 - INFO - Backup del scaler guardado: /home/siryorch/Documents/proyectoAprendizaje/BackendBD/files/model_versions/scaler_20251120_144743.pkl
2025-11-20 14:47:43,326 - ERROR - 
ERROR EN REENTRENAMIENTO: '<=' not supported between instances of 'Timestamp' and 'str'
2025-11-20 14:47:43,326 - ERROR - Intentando restaurar backup...
2025-11-20 14:47:43,326 - INFO -  Modelo y scaler restaurados desde backup
2025-11-20 14:47:43,326 - INFO - Backup restaurado correctamente
2025-11-20 14:48:15,749 - INFO - INICIO DE REENTRENAMIENTO - Versión 20251120_144815
2025-11-20 14:48:15,749 - INFO - ============================================================

2025-11-20 14:48:15,818 - INFO -    Dataset antiguo: 11920 filas
2025-11-20 14:48:15,842 - INFO -    Dataset combinado: 11920 filas
2025-11-20 14:48:15,843 - INFO -    Nuevas filas agregadas: 0
2025-11-20 14:48:15,913 - INFO - Backup del modelo guardado: /home/siryorch/Documents/proyectoAprendizaje/BackendBD/files/model_versions/model_20251120_144815.h5
2025-11-20 14:48:15,913 - INFO - Backup del scaler guardado: /home/siryorch/Documents/proyectoAprendizaje/BackendBD/files/model_versions/scaler_20251120_144815.pkl
2025-11-20 14:48:15,920 - ERROR - 
ERROR EN REENTRENAMIENTO: '<=' not supported between instances of 'Timestamp' and 'str'
2025-11-20 14:48:15,920 - ERROR - Intentando restaurar backup...
2025-11-20 14:48:15,920 - INFO -  Modelo y scaler restaurados desde backup
2025-11-20 14:48:15,921 - INFO - Backup restaurado correctamente
2025-11-20 14:48:47,386 - INFO - INICIO DE REENTRENAMIENTO - Versión 20251120_144847
2025-11-20 14:48:47,386 - INFO - ============================================================

2025-11-20 14:48:47,475 - INFO -    Dataset antiguo: 13120 filas
2025-11-20 14:48:47,501 - INFO -    Dataset combinado: 11920 filas
2025-11-20 14:48:47,501 - INFO -    Nuevas filas agregadas: -1200
2025-11-20 14:48:47,567 - INFO - Backup del modelo guardado: /home/siryorch/Documents/proyectoAprendizaje/BackendBD/files/model_versions/model_20251120_144847.h5
2025-11-20 14:48:47,567 - INFO - Backup del scaler guardado: /home/siryorch/Documents/proyectoAprendizaje/BackendBD/files/model_versions/scaler_20251120_144847.pkl
2025-11-20 14:48:47,575 - ERROR - 
ERROR EN REENTRENAMIENTO: '<=' not supported between instances of 'Timestamp' and 'str'
2025-11-20 14:48:47,575 - ERROR - Intentando restaurar backup...
2025-11-20 14:48:47,575 - INFO -  Modelo y scaler restaurados desde backup
2025-11-20 14:48:47,576 - INFO - Backup restaurado correctamente
2025-11-20 14:49:58,368 - INFO - INICIO DE REENTRENAMIENTO - Versión 20251120_144958
2025-11-20 14:49:58,368 - INFO - ============================================================

2025-11-20 14:49:58,465 - INFO -    Dataset antiguo: 14320 filas
2025-11-20 14:49:58,490 - INFO -    Dataset combinado: 11920 filas
2025-11-20 14:49:58,490 - INFO -    Nuevas filas agregadas: -2400
2025-11-20 14:49:58,561 - INFO - Backup del modelo guardado: /home/siryorch/Documents/proyectoAprendizaje/BackendBD/files/model_versions/model_20251120_144958.h5
2025-11-20 14:49:58,561 - INFO - Backup del scaler guardado: /home/siryorch/Documents/proyectoAprendizaje/BackendBD/files/model_versions/scaler_20251120_144958.pkl
2025-11-20 14:49:58,568 - ERROR - 
ERROR EN REENTRENAMIENTO: '<=' not supported between instances of 'Timestamp' and 'str'
2025-11-20 14:49:58,569 - ERROR - Intentando restaurar backup...
2025-11-20 14:49:58,569 - INFO -  Modelo y scaler restaurados desde backup
2025-11-20 14:49:58,569 - INFO - Backup restaurado correctamente
2025-11-20 14:50:57,748 - INFO - INICIO DE REENTRENAMIENTO - Versión 20251120_145057
2025-11-20 14:50:57,748 - INFO - ============================================================

2025-11-20 14:50:57,870 - INFO -    Dataset antiguo: 15520 filas
2025-11-20 14:50:57,897 - INFO -    Dataset combinado: 11920 filas
2025-11-20 14:50:57,897 - INFO -    Nuevas filas agregadas: -3600
2025-11-20 14:50:57,968 - INFO - Backup del modelo guardado: /home/siryorch/Documents/proyectoAprendizaje/BackendBD/files/model_versions/model_20251120_145057.h5
2025-11-20 14:50:57,968 - INFO - Backup del scaler guardado: /home/siryorch/Documents/proyectoAprendizaje/BackendBD/files/model_versions/scaler_20251120_145057.pkl
2025-11-20 14:50:57,974 - ERROR - 
ERROR EN REENTRENAMIENTO: '<=' not supported between instances of 'Timestamp' and 'str'
2025-11-20 14:50:57,975 - ERROR - Intentando restaurar backup...
2025-11-20 14:50:57,975 - INFO -  Modelo y scaler restaurados desde backup
2025-11-20 14:50:57,975 - INFO - Backup restaurado correctamente
2025-11-20 14:53:22,057 - INFO - INICIO DE REENTRENAMIENTO - Versión 20251120_145322
2025-11-20 14:53:22,058 - INFO - ============================================================

2025-11-20 14:53:22,082 - INFO -    Dataset antiguo: 15520 filas
2025-11-20 14:53:22,088 - INFO -    Dataset combinado: 10720 filas
2025-11-20 14:53:22,089 - INFO -    Nuevas filas agregadas: -4800
2025-11-20 14:53:22,165 - INFO - Backup del modelo guardado: /home/siryorch/Documents/proyectoAprendizaje/BackendBD/files/model_versions/model_20251120_145322.h5
2025-11-20 14:53:22,165 - INFO - Backup del scaler guardado: /home/siryorch/Documents/proyectoAprendizaje/BackendBD/files/model_versions/scaler_20251120_145322.pkl
2025-11-20 14:53:22,170 - INFO - Train: 2024-07-01 → 2025-07-10 | 7500 filas
2025-11-20 14:53:22,170 - INFO - Val  : 2025-07-11 → 2025-09-28 | 1600 filas
2025-11-20 14:53:22,170 - INFO - Test : 2025-09-29 → 2025-12-18 | 1620 filas
2025-11-20 14:53:22,170 - INFO - Usando scaler existente
2025-11-20 14:53:22,215 - INFO -    X_train: (7360, 7, 9) | X_val: (1460, 7, 9) | X_test: (1480, 7, 9)
2025-11-20 14:53:22,215 - INFO - 
Paso 7: Evaluando modelo actual...
2025-11-20 14:53:22,647 - INFO -    RMSE antes: 0.3889
2025-11-20 14:53:22,647 - INFO -    MAE antes:  0.2139
2025-11-20 14:53:22,692 - INFO -    Early stopping activado (patience=5)
2025-11-20 14:53:26,726 - INFO -   MAE después:  0.2171
2025-11-20 14:53:26,726 - INFO -     Mejora RMSE: +0.41%
2025-11-20 14:53:26,726 - INFO -     Mejora MAE:  -1.48%
2025-11-20 14:53:26,728 - WARNING - You are saving your model as an HDF5 file via `model.save()` or `keras.saving.save_model(model)`. This file format is considered legacy. We recommend using instead the native Keras format, e.g. `model.save('my_model.keras')` or `keras.saving.save_model(model, 'my_model.keras')`. 
2025-11-20 14:53:30,570 - INFO -    Versión guardada: /home/siryorch/Documents/proyectoAprendizaje/BackendBD/files/model_versions/model_20251120_145322.h5
2025-11-20 14:53:30,570 - INFO -    Scaler versión: /home/siryorch/Documents/proyectoAprendizaje/BackendBD/files/model_versions/scaler_20251120_145322.pkl
2025-11-20 14:53:30,570 - INFO - REENTRENAMIENTO COMPLETADO
2025-11-20 14:53:30,570 - INFO - ============================================================

2025-11-20 14:53:30,692 - ERROR - 
ERROR EN REENTRENAMIENTO: name 'xx' is not defined
2025-11-20 14:53:30,693 - ERROR - Intentando restaurar backup...
2025-11-20 14:53:30,693 - INFO -  Modelo y scaler restaurados desde backup
2025-11-20 14:53:30,693 - INFO - Backup restaurado correctamente
